2024-04-23 19:33:16,451 INFO o.a.j.u.JMeterUtils: Setting Locale to en_IN
2024-04-23 19:33:16,511 INFO o.a.j.JMeter: Loading user properties from: user.properties
2024-04-23 19:33:16,513 INFO o.a.j.JMeter: Loading system properties from: system.properties
2024-04-23 19:33:16,530 INFO o.a.j.JMeter: Copyright (c) 1998-2024 The Apache Software Foundation
2024-04-23 19:33:16,530 INFO o.a.j.JMeter: Version 5.6.3
2024-04-23 19:33:16,530 INFO o.a.j.JMeter: java.version=17.0.6
2024-04-23 19:33:16,530 INFO o.a.j.JMeter: java.vm.name=Java HotSpot(TM) 64-Bit Server VM
2024-04-23 19:33:16,531 INFO o.a.j.JMeter: os.name=Windows 10
2024-04-23 19:33:16,531 INFO o.a.j.JMeter: os.arch=amd64
2024-04-23 19:33:16,531 INFO o.a.j.JMeter: os.version=10.0
2024-04-23 19:33:16,532 INFO o.a.j.JMeter: file.encoding=Cp1252
2024-04-23 19:33:16,532 INFO o.a.j.JMeter: java.awt.headless=null
2024-04-23 19:33:16,533 INFO o.a.j.JMeter: Max memory     =2101346304
2024-04-23 19:33:16,533 INFO o.a.j.JMeter: Available Processors =4
2024-04-23 19:33:16,561 INFO o.a.j.JMeter: Default Locale=English (India)
2024-04-23 19:33:16,561 INFO o.a.j.JMeter: JMeter  Locale=English (India)
2024-04-23 19:33:16,561 INFO o.a.j.JMeter: JMeterHome=D:\Spring Boot IDE\apache-jmeter-5.6.3\apache-jmeter-5.6.3
2024-04-23 19:33:16,563 INFO o.a.j.JMeter: user.dir  =D:\Spring Boot IDE\apache-jmeter-5.6.3\apache-jmeter-5.6.3\bin
2024-04-23 19:33:16,563 INFO o.a.j.JMeter: PWD       =D:\Spring Boot IDE\apache-jmeter-5.6.3\apache-jmeter-5.6.3\bin
2024-04-23 19:33:16,566 INFO o.a.j.JMeter: IP: 192.168.15.218 Name: DESKTOP-KBTGB3O FullName: DESKTOP-KBTGB3O
2024-04-23 19:33:16,604 INFO o.a.j.JMeter: Loaded icon properties from org/apache/jmeter/images/icon.properties
2024-04-23 19:33:17,140 INFO o.a.j.JMeterGuiLauncher: Setting LAF to: com.github.weisj.darklaf.DarkLaf:com.github.weisj.darklaf.theme.DarculaTheme
2024-04-23 19:44:40,640 INFO o.a.j.p.h.s.HTTPSamplerBase: Parser for text/html is org.apache.jmeter.protocol.http.parser.LagartoBasedHtmlParser
2024-04-23 19:44:40,641 INFO o.a.j.p.h.s.HTTPSamplerBase: Parser for application/xhtml+xml is org.apache.jmeter.protocol.http.parser.LagartoBasedHtmlParser
2024-04-23 19:44:40,641 INFO o.a.j.p.h.s.HTTPSamplerBase: Parser for application/xml is org.apache.jmeter.protocol.http.parser.LagartoBasedHtmlParser
2024-04-23 19:44:40,642 INFO o.a.j.p.h.s.HTTPSamplerBase: Parser for text/xml is org.apache.jmeter.protocol.http.parser.LagartoBasedHtmlParser
2024-04-23 19:44:40,642 INFO o.a.j.p.h.s.HTTPSamplerBase: Parser for text/vnd.wap.wml is org.apache.jmeter.protocol.http.parser.RegexpHTMLParser
2024-04-23 19:44:40,642 INFO o.a.j.p.h.s.HTTPSamplerBase: Parser for text/css is org.apache.jmeter.protocol.http.parser.CssParser
2024-04-23 19:47:42,081 INFO o.a.j.s.SampleResult: Note: Sample TimeStamps are START times
2024-04-23 19:47:42,081 INFO o.a.j.s.SampleResult: sampleresult.default.encoding is set to UTF-8
2024-04-23 19:47:42,082 INFO o.a.j.s.SampleResult: sampleresult.useNanoTime=true
2024-04-23 19:47:42,082 INFO o.a.j.s.SampleResult: sampleresult.nanoThreadSleep=5000
2024-04-23 19:48:08,906 INFO o.a.j.s.FileServer: Default base='D:\Spring Boot IDE\apache-jmeter-5.6.3\apache-jmeter-5.6.3\bin'
2024-04-23 19:48:08,908 INFO o.a.j.s.FileServer: Set new base='D:\Spring Boot IDE\apache-jmeter-5.6.3\apache-jmeter-5.6.3\bin'
2024-04-23 19:48:09,281 INFO o.a.j.s.SaveService: Testplan (JMX) version: 2.2. Testlog (JTL) version: 2.2
2024-04-23 19:48:09,315 INFO o.a.j.s.SaveService: Using SaveService properties version 5.0
2024-04-23 19:48:09,317 INFO o.a.j.s.SaveService: Using SaveService properties file encoding UTF-8
2024-04-23 19:48:13,032 INFO o.a.j.e.StandardJMeterEngine: Running the test!
2024-04-23 19:48:13,033 INFO o.a.j.s.SampleEvent: List of sample_variables: []
2024-04-23 19:48:13,033 INFO o.a.j.s.SampleEvent: List of sample_variables: []
2024-04-23 19:48:13,035 INFO o.a.j.e.u.CompoundVariable: Note: Function class names must contain the string: '.functions.'
2024-04-23 19:48:13,036 INFO o.a.j.e.u.CompoundVariable: Note: Function class names must not contain the string: '.gui.'
2024-04-23 19:48:13,119 INFO o.a.j.g.u.JMeterMenuBar: setRunning(true, *local*)
2024-04-23 19:48:13,167 INFO o.a.j.e.StandardJMeterEngine: Starting ThreadGroup: 1 : Thread Group
2024-04-23 19:48:13,167 INFO o.a.j.e.StandardJMeterEngine: Starting 5 threads for group Thread Group.
2024-04-23 19:48:13,167 INFO o.a.j.e.StandardJMeterEngine: Thread will continue on error
2024-04-23 19:48:13,167 INFO o.a.j.t.ThreadGroup: Starting thread group... number=1 threads=5 ramp-up=1 delayedStart=false
2024-04-23 19:48:13,173 INFO o.a.j.t.ThreadGroup: Started thread group number 1
2024-04-23 19:48:13,174 INFO o.a.j.e.StandardJMeterEngine: All thread groups have been started
2024-04-23 19:48:13,175 INFO o.a.j.t.JMeterThread: Thread started: Thread Group 1-1
2024-04-23 19:48:13,207 INFO o.a.j.p.h.s.HTTPHCAbstractImpl: Local host = DESKTOP-KBTGB3O
2024-04-23 19:48:13,225 INFO o.a.j.p.h.s.HTTPHC4Impl: HTTP request retry count = 0
2024-04-23 19:48:13,375 INFO o.a.j.t.JMeterThread: Thread started: Thread Group 1-2
2024-04-23 19:48:13,393 INFO o.a.j.p.h.s.h.LazyLayeredConnectionSocketFactory: Setting up HTTPS TrustAll Socket Factory
2024-04-23 19:48:13,399 INFO o.a.j.u.JsseSSLManager: Using default SSL protocol: TLS
2024-04-23 19:48:13,400 INFO o.a.j.u.JsseSSLManager: SSL session context: per-thread
2024-04-23 19:48:13,557 INFO o.a.j.u.SSLManager: JmeterKeyStore Location:  type JKS
2024-04-23 19:48:13,562 INFO o.a.j.u.SSLManager: KeyStore created OK
2024-04-23 19:48:13,562 WARN o.a.j.u.SSLManager: Keystore file not found, loading empty keystore
2024-04-23 19:48:13,574 INFO o.a.j.t.JMeterThread: Thread started: Thread Group 1-3
2024-04-23 19:48:13,774 INFO o.a.j.t.JMeterThread: Thread started: Thread Group 1-4
2024-04-23 19:48:13,976 INFO o.a.j.t.JMeterThread: Thread is done: Thread Group 1-3
2024-04-23 19:48:13,976 INFO o.a.j.t.JMeterThread: Thread is done: Thread Group 1-4
2024-04-23 19:48:13,976 INFO o.a.j.t.JMeterThread: Thread finished: Thread Group 1-3
2024-04-23 19:48:13,976 INFO o.a.j.t.JMeterThread: Thread is done: Thread Group 1-1
2024-04-23 19:48:13,976 INFO o.a.j.t.JMeterThread: Thread finished: Thread Group 1-1
2024-04-23 19:48:13,977 INFO o.a.j.t.JMeterThread: Thread is done: Thread Group 1-2
2024-04-23 19:48:13,976 INFO o.a.j.t.JMeterThread: Thread finished: Thread Group 1-4
2024-04-23 19:48:13,977 INFO o.a.j.t.JMeterThread: Thread finished: Thread Group 1-2
2024-04-23 19:48:13,977 INFO o.a.j.t.JMeterThread: Thread started: Thread Group 1-5
2024-04-23 19:48:13,994 INFO o.a.j.t.JMeterThread: Thread is done: Thread Group 1-5
2024-04-23 19:48:13,995 INFO o.a.j.t.JMeterThread: Thread finished: Thread Group 1-5
2024-04-23 19:48:13,995 INFO o.a.j.e.StandardJMeterEngine: Notifying test listeners of end of test
2024-04-23 19:48:13,996 INFO o.a.j.g.u.JMeterMenuBar: setRunning(false, *local*)
